<component name="libraryTable">
  <library name="junit-4.12">
    <CLASSES>
      <root url="jar://$PROJECT_DIR$/day01_mybatis/src/lib/junit-4.12.jar!/" />
      <root url="jar://$PROJECT_DIR$/day01_mybatis/src/lib/log4j-1.2.17.jar!/" />
      <root url="jar://$PROJECT_DIR$/day01_mybatis/src/lib/mybatis-3.5.1.jar!/" />
      <root url="jar://$PROJECT_DIR$/day01_mybatis/src/lib/mysql-connector-java-5.1.37-bin.jar!/" />
    </CLASSES>
    <JAVADOC />
    <SOURCES />
  </library>
</component>